1622031660539	geckodriver	INFO	Listening on 127.0.0.1:46789
1622031660546	mozrunner::runner	INFO	Running command: "/usr/bin/firefox" "--marionette" "-foreground" "-no-remote" "-profile" "/tmp/rust_mozprofileqlEnro"
1622031661268	Marionette	INFO	Marionette enabled
console.warn: SearchSettings: "get: No settings file exists, new profile?" (new Error("", "(unknown module)"))
1622031663935	Marionette	INFO	Listening on port 42333
1622031664034	Marionette	WARN	TLS certificate errors will be ignored for this session
JavaScript error: http://selenium1py.pythonanywhere.com/ru/, line 374: ReferenceError: oscar is not defined
1622031666003	Marionette	INFO	Stopped listening on port 42333
console.error: services.settings: 
  main/whats-new-panel Signature failed  TypeError: NetworkError when attempting to fetch resource.
1622031955426	geckodriver	INFO	Listening on 127.0.0.1:37545
1622031955437	mozrunner::runner	INFO	Running command: "/usr/bin/firefox" "--marionette" "-foreground" "-no-remote" "-profile" "/tmp/rust_mozprofile9fqkO3"
1622031956191	Marionette	INFO	Marionette enabled
console.warn: SearchSettings: "get: No settings file exists, new profile?" (new Error("", "(unknown module)"))
1622031958493	Marionette	INFO	Listening on port 38687
1622031958579	Marionette	WARN	TLS certificate errors will be ignored for this session
JavaScript error: http://selenium1py.pythonanywhere.com/ru/, line 374: ReferenceError: oscar is not defined
1622031960348	Marionette	INFO	Stopped listening on port 38687
1622031961024	geckodriver	INFO	Listening on 127.0.0.1:49455
1622031962032	mozrunner::runner	INFO	Running command: "/usr/bin/firefox" "--marionette" "-foreground" "-no-remote" "-profile" "/tmp/rust_mozprofileGRK61c"
1622031962785	Marionette	INFO	Marionette enabled
console.warn: SearchSettings: "get: No settings file exists, new profile?" (new Error("", "(unknown module)"))
1622031965317	Marionette	INFO	Listening on port 44885
1622031965378	Marionette	WARN	TLS certificate errors will be ignored for this session
JavaScript error: http://selenium1py.pythonanywhere.com/ru/, line 374: ReferenceError: oscar is not defined
1622031968336	Marionette	INFO	Stopped listening on port 44885

###!!! [Parent][RunMessage] Error: Channel closing: too late to send/recv, messages will be lost

1622031969041	geckodriver	INFO	Listening on 127.0.0.1:45411
1622031970051	mozrunner::runner	INFO	Running command: "/usr/bin/firefox" "--marionette" "-foreground" "-no-remote" "-profile" "/tmp/rust_mozprofilekwRzas"
1622031970793	Marionette	INFO	Marionette enabled
console.warn: SearchSettings: "get: No settings file exists, new profile?" (new Error("", "(unknown module)"))
1622031972993	Marionette	INFO	Listening on port 37047
1622031973093	Marionette	WARN	TLS certificate errors will be ignored for this session
JavaScript error: http://selenium1py.pythonanywhere.com/ru/, line 374: ReferenceError: oscar is not defined
1622031975809	Marionette	INFO	Stopped listening on port 37047

###!!! [Parent][RunMessage] Error: Channel closing: too late to send/recv, messages will be lost

1622032043248	geckodriver	INFO	Listening on 127.0.0.1:58615
1622032043259	mozrunner::runner	INFO	Running command: "/usr/bin/firefox" "--marionette" "-foreground" "-no-remote" "-profile" "/tmp/rust_mozprofileqgSnMN"
1622032043982	Marionette	INFO	Marionette enabled
console.warn: SearchSettings: "get: No settings file exists, new profile?" (new Error("", "(unknown module)"))
1622032046447	Marionette	INFO	Listening on port 44897
1622032046516	Marionette	WARN	TLS certificate errors will be ignored for this session
JavaScript error: http://selenium1py.pythonanywhere.com/ru/, line 374: ReferenceError: oscar is not defined
1622032048897	Marionette	INFO	Stopped listening on port 44897
1622032049535	geckodriver	INFO	Listening on 127.0.0.1:50575
1622032050546	mozrunner::runner	INFO	Running command: "/usr/bin/firefox" "--marionette" "-foreground" "-no-remote" "-profile" "/tmp/rust_mozprofile7DyDrc"
1622032051298	Marionette	INFO	Marionette enabled
console.warn: SearchSettings: "get: No settings file exists, new profile?" (new Error("", "(unknown module)"))
1622032053469	Marionette	INFO	Listening on port 41553
1622032053590	Marionette	WARN	TLS certificate errors will be ignored for this session
JavaScript error: http://selenium1py.pythonanywhere.com/ru/, line 374: ReferenceError: oscar is not defined
1622032055826	Marionette	INFO	Stopped listening on port 41553
1622032058469	geckodriver	INFO	Listening on 127.0.0.1:48317
1622032059480	mozrunner::runner	INFO	Running command: "/usr/bin/firefox" "--marionette" "-foreground" "-no-remote" "-profile" "/tmp/rust_mozprofile1H4zMF"
1622032060213	Marionette	INFO	Marionette enabled
console.warn: SearchSettings: "get: No settings file exists, new profile?" (new Error("", "(unknown module)"))
1622032062592	Marionette	INFO	Listening on port 39567
1622032062719	Marionette	WARN	TLS certificate errors will be ignored for this session
JavaScript error: http://selenium1py.pythonanywhere.com/ru/, line 374: ReferenceError: oscar is not defined
1622032065052	Marionette	INFO	Stopped listening on port 39567
1622032286258	geckodriver	INFO	Listening on 127.0.0.1:58519
1622032286268	mozrunner::runner	INFO	Running command: "/usr/bin/firefox" "--marionette" "-foreground" "-no-remote" "-profile" "/tmp/rust_mozprofileNz0Q5u"
1622032286994	Marionette	INFO	Marionette enabled
console.warn: SearchSettings: "get: No settings file exists, new profile?" (new Error("", "(unknown module)"))
1622032289266	Marionette	INFO	Listening on port 37719
1622032289340	Marionette	WARN	TLS certificate errors will be ignored for this session
JavaScript error: http://selenium1py.pythonanywhere.com/ru/, line 374: ReferenceError: oscar is not defined
1622032291450	Marionette	INFO	Stopped listening on port 37719
1622032293506	geckodriver	INFO	Listening on 127.0.0.1:41931
1622032293511	mozrunner::runner	INFO	Running command: "/usr/bin/firefox" "--marionette" "-foreground" "-no-remote" "-profile" "/tmp/rust_mozprofileQ1A8qK"
1622032294273	Marionette	INFO	Marionette enabled
console.warn: SearchSettings: "get: No settings file exists, new profile?" (new Error("", "(unknown module)"))
1622032296815	Marionette	INFO	Listening on port 33819
1622032296865	Marionette	WARN	TLS certificate errors will be ignored for this session
JavaScript error: http://selenium1py.pythonanywhere.com/ru/, line 374: ReferenceError: oscar is not defined
1622032299166	Marionette	INFO	Stopped listening on port 33819
console.error: services.settings: 
  main/whats-new-panel Signature failed  TypeError: NetworkError when attempting to fetch resource.
1622032299839	geckodriver	INFO	Listening on 127.0.0.1:44665
1622032299844	mozrunner::runner	INFO	Running command: "/usr/bin/firefox" "--marionette" "-foreground" "-no-remote" "-profile" "/tmp/rust_mozprofilexpQCSB"
1622032300600	Marionette	INFO	Marionette enabled
console.warn: SearchSettings: "get: No settings file exists, new profile?" (new Error("", "(unknown module)"))
1622032303504	Marionette	INFO	Listening on port 44299
1622032303601	Marionette	WARN	TLS certificate errors will be ignored for this session
JavaScript error: http://selenium1py.pythonanywhere.com/ru/, line 374: ReferenceError: oscar is not defined
1622032305737	Marionette	INFO	Stopped listening on port 44299

###!!! [Parent][RunMessage] Error: Channel closing: too late to send/recv, messages will be lost

1622032588511	geckodriver	INFO	Listening on 127.0.0.1:34377
1622032588518	mozrunner::runner	INFO	Running command: "/usr/bin/firefox" "--marionette" "-foreground" "-no-remote" "-profile" "/tmp/rust_mozprofileivy4So"
1622032589249	Marionette	INFO	Marionette enabled
console.warn: SearchSettings: "get: No settings file exists, new profile?" (new Error("", "(unknown module)"))
1622032591633	Marionette	INFO	Listening on port 43265
1622032591751	Marionette	WARN	TLS certificate errors will be ignored for this session
JavaScript error: http://selenium1py.pythonanywhere.com/ru/, line 374: ReferenceError: oscar is not defined
1622032593647	Marionette	INFO	Stopped listening on port 43265

###!!! [Parent][RunMessage] Error: Channel closing: too late to send/recv, messages will be lost

1622032596300	geckodriver	INFO	Listening on 127.0.0.1:43965
1622032597308	mozrunner::runner	INFO	Running command: "/usr/bin/firefox" "--marionette" "-foreground" "-no-remote" "-profile" "/tmp/rust_mozprofileioo3cl"
1622032598048	Marionette	INFO	Marionette enabled
console.warn: SearchSettings: "get: No settings file exists, new profile?" (new Error("", "(unknown module)"))
1622032600567	Marionette	INFO	Listening on port 41157
1622032600650	Marionette	WARN	TLS certificate errors will be ignored for this session
JavaScript error: http://selenium1py.pythonanywhere.com/ru/, line 374: ReferenceError: oscar is not defined
1622032603233	Marionette	INFO	Stopped listening on port 41157
1622032603759	geckodriver	INFO	Listening on 127.0.0.1:59087
1622032603762	mozrunner::runner	INFO	Running command: "/usr/bin/firefox" "--marionette" "-foreground" "-no-remote" "-profile" "/tmp/rust_mozprofile5kyM1t"
1622032604477	Marionette	INFO	Marionette enabled
console.warn: SearchSettings: "get: No settings file exists, new profile?" (new Error("", "(unknown module)"))
1622032606908	Marionette	INFO	Listening on port 37685
1622032607028	Marionette	WARN	TLS certificate errors will be ignored for this session
JavaScript error: http://selenium1py.pythonanywhere.com/ru/, line 374: ReferenceError: oscar is not defined
1622032608910	Marionette	INFO	Stopped listening on port 37685
1622032975415	geckodriver	INFO	Listening on 127.0.0.1:54671
1622032975427	mozrunner::runner	INFO	Running command: "/usr/bin/firefox" "--marionette" "-foreground" "-no-remote" "-profile" "/tmp/rust_mozprofileg7ih8D"
1622032976168	Marionette	INFO	Marionette enabled
console.warn: SearchSettings: "get: No settings file exists, new profile?" (new Error("", "(unknown module)"))
1622032978521	Marionette	INFO	Listening on port 38585
1622032978590	Marionette	WARN	TLS certificate errors will be ignored for this session
JavaScript error: http://selenium1py.pythonanywhere.com/ru/, line 374: ReferenceError: oscar is not defined
1622032985781	Marionette	INFO	Stopped listening on port 38585
1622033004970	geckodriver	INFO	Listening on 127.0.0.1:38783
1622033004977	mozrunner::runner	INFO	Running command: "/usr/bin/firefox" "--marionette" "-foreground" "-no-remote" "-profile" "/tmp/rust_mozprofilek1wTrx"
1622033005698	Marionette	INFO	Marionette enabled
console.warn: SearchSettings: "get: No settings file exists, new profile?" (new Error("", "(unknown module)"))
1622033008049	Marionette	INFO	Listening on port 34185
1622033008119	Marionette	WARN	TLS certificate errors will be ignored for this session
JavaScript error: http://selenium1py.pythonanywhere.com/ru/, line 374: ReferenceError: oscar is not defined
1622033010778	Marionette	INFO	Stopped listening on port 34185
1622033083100	geckodriver	INFO	Listening on 127.0.0.1:52207
1622033083108	mozrunner::runner	INFO	Running command: "/usr/bin/firefox" "--marionette" "-foreground" "-no-remote" "-profile" "/tmp/rust_mozprofileZAMt8B"
1622033083863	Marionette	INFO	Marionette enabled
console.warn: SearchSettings: "get: No settings file exists, new profile?" (new Error("", "(unknown module)"))
1622033086239	Marionette	INFO	Listening on port 34871
1622033086347	Marionette	WARN	TLS certificate errors will be ignored for this session
JavaScript error: http://selenium1py.pythonanywhere.com/ru/, line 374: ReferenceError: oscar is not defined
1622033088198	Marionette	INFO	Stopped listening on port 34871

###!!! [Parent][RunMessage] Error: Channel closing: too late to send/recv, messages will be lost

1622033233639	geckodriver	INFO	Listening on 127.0.0.1:42371
1622033233646	mozrunner::runner	INFO	Running command: "/usr/bin/firefox" "--marionette" "-foreground" "-no-remote" "-profile" "/tmp/rust_mozprofiletmWqpd"
1622033234379	Marionette	INFO	Marionette enabled
console.warn: SearchSettings: "get: No settings file exists, new profile?" (new Error("", "(unknown module)"))
1622033236791	Marionette	INFO	Listening on port 44645
1622033236883	Marionette	WARN	TLS certificate errors will be ignored for this session
JavaScript error: http://selenium1py.pythonanywhere.com/ru/, line 374: ReferenceError: oscar is not defined
1622033241845	Marionette	INFO	Stopped listening on port 44645
1622033393124	geckodriver	INFO	Listening on 127.0.0.1:46627
1622033393133	mozrunner::runner	INFO	Running command: "/usr/bin/firefox" "--marionette" "-foreground" "-no-remote" "-profile" "/tmp/rust_mozprofileJveoA0"
1622033393853	Marionette	INFO	Marionette enabled
console.warn: SearchSettings: "get: No settings file exists, new profile?" (new Error("", "(unknown module)"))
1622033396040	Marionette	INFO	Listening on port 37953
1622033396179	Marionette	WARN	TLS certificate errors will be ignored for this session
JavaScript error: http://selenium1py.pythonanywhere.com/ru/, line 374: ReferenceError: oscar is not defined
1622033398032	Marionette	INFO	Stopped listening on port 37953

###!!! [Parent][RunMessage] Error: Channel closing: too late to send/recv, messages will be lost

1622033398683	geckodriver	INFO	Listening on 127.0.0.1:48221
1622033398689	mozrunner::runner	INFO	Running command: "/usr/bin/firefox" "--marionette" "-foreground" "-no-remote" "-profile" "/tmp/rust_mozprofilei4x9uo"
1622033399437	Marionette	INFO	Marionette enabled
console.warn: SearchSettings: "get: No settings file exists, new profile?" (new Error("", "(unknown module)"))
1622033402065	Marionette	INFO	Listening on port 44511
1622033402177	Marionette	WARN	TLS certificate errors will be ignored for this session
JavaScript error: http://selenium1py.pythonanywhere.com/ru/, line 374: ReferenceError: oscar is not defined
1622033403934	Marionette	INFO	Stopped listening on port 44511
1622033404571	geckodriver	INFO	Listening on 127.0.0.1:37109
1622033405582	mozrunner::runner	INFO	Running command: "/usr/bin/firefox" "--marionette" "-foreground" "-no-remote" "-profile" "/tmp/rust_mozprofileE9Afgm"
1622033406361	Marionette	INFO	Marionette enabled
console.warn: SearchSettings: "get: No settings file exists, new profile?" (new Error("", "(unknown module)"))
1622033408638	Marionette	INFO	Listening on port 40567
1622033408720	Marionette	WARN	TLS certificate errors will be ignored for this session
JavaScript error: http://selenium1py.pythonanywhere.com/ru/, line 374: ReferenceError: oscar is not defined
1622033410913	Marionette	INFO	Stopped listening on port 40567

###!!! [Parent][RunMessage] Error: Channel closing: too late to send/recv, messages will be lost

1622033456595	geckodriver	INFO	Listening on 127.0.0.1:56733
1622033456603	mozrunner::runner	INFO	Running command: "/usr/bin/firefox" "--marionette" "-foreground" "-no-remote" "-profile" "/tmp/rust_mozprofilePc95Ca"
1622033457353	Marionette	INFO	Marionette enabled
console.warn: SearchSettings: "get: No settings file exists, new profile?" (new Error("", "(unknown module)"))
1622033459872	Marionette	INFO	Listening on port 45777
1622033459944	Marionette	WARN	TLS certificate errors will be ignored for this session
JavaScript error: http://selenium1py.pythonanywhere.com/ru/, line 374: ReferenceError: oscar is not defined
1622033464493	Marionette	INFO	Stopped listening on port 45777

###!!! [Parent][RunMessage] Error: Channel closing: too late to send/recv, messages will be lost

1622033466642	geckodriver	INFO	Listening on 127.0.0.1:54521
1622033466647	mozrunner::runner	INFO	Running command: "/usr/bin/firefox" "--marionette" "-foreground" "-no-remote" "-profile" "/tmp/rust_mozprofilemK7wAI"
1622033467378	Marionette	INFO	Marionette enabled
console.warn: SearchSettings: "get: No settings file exists, new profile?" (new Error("", "(unknown module)"))
1622033469529	Marionette	INFO	Listening on port 42771
1622033469582	Marionette	WARN	TLS certificate errors will be ignored for this session
JavaScript error: http://selenium1py.pythonanywhere.com/ru/, line 374: ReferenceError: oscar is not defined
1622033471953	Marionette	INFO	Stopped listening on port 42771

###!!! [Parent][RunMessage] Error: Channel closing: too late to send/recv, messages will be lost

1622033473599	geckodriver	INFO	Listening on 127.0.0.1:48859
1622033473606	mozrunner::runner	INFO	Running command: "/usr/bin/firefox" "--marionette" "-foreground" "-no-remote" "-profile" "/tmp/rust_mozprofilelw18bc"
1622033474351	Marionette	INFO	Marionette enabled
console.warn: SearchSettings: "get: No settings file exists, new profile?" (new Error("", "(unknown module)"))
1622033476705	Marionette	INFO	Listening on port 42525
1622033476747	Marionette	WARN	TLS certificate errors will be ignored for this session
JavaScript error: http://selenium1py.pythonanywhere.com/ru/, line 374: ReferenceError: oscar is not defined
1622033480977	Marionette	INFO	Stopped listening on port 42525

###!!! [Parent][RunMessage] Error: Channel closing: too late to send/recv, messages will be lost

1622033610277	geckodriver	INFO	Listening on 127.0.0.1:53391
1622033610284	mozrunner::runner	INFO	Running command: "/usr/bin/firefox" "--marionette" "-foreground" "-no-remote" "-profile" "/tmp/rust_mozprofileKZeke0"
1622033611116	Marionette	INFO	Marionette enabled
console.warn: SearchSettings: "get: No settings file exists, new profile?" (new Error("", "(unknown module)"))
1622033613618	Marionette	INFO	Listening on port 41721
1622033613721	Marionette	WARN	TLS certificate errors will be ignored for this session
JavaScript error: http://selenium1py.pythonanywhere.com/ru/, line 374: ReferenceError: oscar is not defined
1622033616243	Marionette	INFO	Stopped listening on port 41721
console.error: Region.jsm: "Error fetching region" (new TypeError("NetworkError when attempting to fetch resource.", ""))
console.error: Region.jsm: "Failed to fetch region" (new Error("NO_RESULT", "resource://gre/modules/Region.jsm", 419))
1622033674180	geckodriver	INFO	Listening on 127.0.0.1:38357
1622033674188	mozrunner::runner	INFO	Running command: "/usr/bin/firefox" "--marionette" "-foreground" "-no-remote" "-profile" "/tmp/rust_mozprofileJGisYN"
1622033675025	Marionette	INFO	Marionette enabled
console.warn: SearchSettings: "get: No settings file exists, new profile?" (new Error("", "(unknown module)"))
1622033677493	Marionette	INFO	Listening on port 36889
1622033677534	Marionette	WARN	TLS certificate errors will be ignored for this session
JavaScript error: http://selenium1py.pythonanywhere.com/ru/, line 374: ReferenceError: oscar is not defined
1622033701438	Marionette	INFO	Stopped listening on port 36889

###!!! [Parent][RunMessage] Error: Channel closing: too late to send/recv, messages will be lost

